<!DOCTYPE html>
<html>
  <head>
    <meta charset="utf-8"/>
    <title>Test Report</title>
    <link href="assets/style.css" rel="stylesheet" type="text/css"/></head>
  <body onLoad="init()">
    <script>/* This Source Code Form is subject to the terms of the Mozilla Public
 * License, v. 2.0. If a copy of the MPL was not distributed with this file,
 * You can obtain one at http://mozilla.org/MPL/2.0/. */


function toArray(iter) {
    if (iter === null) {
        return null;
    }
    return Array.prototype.slice.call(iter);
}

function find(selector, elem) {
    if (!elem) {
        elem = document;
    }
    return elem.querySelector(selector);
}

function find_all(selector, elem) {
    if (!elem) {
        elem = document;
    }
    return toArray(elem.querySelectorAll(selector));
}

function sort_column(elem) {
    toggle_sort_states(elem);
    var colIndex = toArray(elem.parentNode.childNodes).indexOf(elem);
    var key;
    if (elem.classList.contains('numeric')) {
        key = key_num;
    } else if (elem.classList.contains('result')) {
        key = key_result;
    } else {
        key = key_alpha;
    }
    sort_table(elem, key(colIndex));
}

function show_all_extras() {
    find_all('.col-result').forEach(show_extras);
}

function hide_all_extras() {
    find_all('.col-result').forEach(hide_extras);
}

function show_extras(colresult_elem) {
    var extras = colresult_elem.parentNode.nextElementSibling;
    var expandcollapse = colresult_elem.firstElementChild;
    extras.classList.remove("collapsed");
    expandcollapse.classList.remove("expander");
    expandcollapse.classList.add("collapser");
}

function hide_extras(colresult_elem) {
    var extras = colresult_elem.parentNode.nextElementSibling;
    var expandcollapse = colresult_elem.firstElementChild;
    extras.classList.add("collapsed");
    expandcollapse.classList.remove("collapser");
    expandcollapse.classList.add("expander");
}

function show_filters() {
    var filter_items = document.getElementsByClassName('filter');
    for (var i = 0; i < filter_items.length; i++)
        filter_items[i].hidden = false;
}

function add_collapse() {
    // Add links for show/hide all
    var resulttable = find('table#results-table');
    var showhideall = document.createElement("p");
    showhideall.innerHTML = '<a href="javascript:show_all_extras()">Show all details</a> / ' +
                            '<a href="javascript:hide_all_extras()">Hide all details</a>';
    resulttable.parentElement.insertBefore(showhideall, resulttable);

    // Add show/hide link to each result
    find_all('.col-result').forEach(function(elem) {
        var collapsed = get_query_parameter('collapsed') || 'Passed';
        var extras = elem.parentNode.nextElementSibling;
        var expandcollapse = document.createElement("span");
        if (collapsed.includes(elem.innerHTML)) {
            extras.classList.add("collapsed");
            expandcollapse.classList.add("expander");
        } else {
            expandcollapse.classList.add("collapser");
        }
        elem.appendChild(expandcollapse);

        elem.addEventListener("click", function(event) {
            if (event.currentTarget.parentNode.nextElementSibling.classList.contains("collapsed")) {
                show_extras(event.currentTarget);
            } else {
                hide_extras(event.currentTarget);
            }
        });
    })
}

function get_query_parameter(name) {
    var match = RegExp('[?&]' + name + '=([^&]*)').exec(window.location.search);
    return match && decodeURIComponent(match[1].replace(/\+/g, ' '));
}

function init () {
    reset_sort_headers();

    add_collapse();

    show_filters();

    sort_column(find('.initial-sort'));

    find_all('.sortable').forEach(function(elem) {
        elem.addEventListener("click",
                              function(event) {
                                  sort_column(elem);
                              }, false)
    });

};

function sort_table(clicked, key_func) {
    var rows = find_all('.results-table-row');
    var reversed = !clicked.classList.contains('asc');
    var sorted_rows = sort(rows, key_func, reversed);
    /* Whole table is removed here because browsers acts much slower
     * when appending existing elements.
     */
    var thead = document.getElementById("results-table-head");
    document.getElementById('results-table').remove();
    var parent = document.createElement("table");
    parent.id = "results-table";
    parent.appendChild(thead);
    sorted_rows.forEach(function(elem) {
        parent.appendChild(elem);
    });
    document.getElementsByTagName("BODY")[0].appendChild(parent);
}

function sort(items, key_func, reversed) {
    var sort_array = items.map(function(item, i) {
        return [key_func(item), i];
    });

    sort_array.sort(function(a, b) {
        var key_a = a[0];
        var key_b = b[0];

        if (key_a == key_b) return 0;

        if (reversed) {
            return (key_a < key_b ? 1 : -1);
        } else {
            return (key_a > key_b ? 1 : -1);
        }
    });

    return sort_array.map(function(item) {
        var index = item[1];
        return items[index];
    });
}

function key_alpha(col_index) {
    return function(elem) {
        return elem.childNodes[1].childNodes[col_index].firstChild.data.toLowerCase();
    };
}

function key_num(col_index) {
    return function(elem) {
        return parseFloat(elem.childNodes[1].childNodes[col_index].firstChild.data);
    };
}

function key_result(col_index) {
    return function(elem) {
        var strings = ['Error', 'Failed', 'Rerun', 'XFailed', 'XPassed',
                       'Skipped', 'Passed'];
        return strings.indexOf(elem.childNodes[1].childNodes[col_index].firstChild.data);
    };
}

function reset_sort_headers() {
    find_all('.sort-icon').forEach(function(elem) {
        elem.parentNode.removeChild(elem);
    });
    find_all('.sortable').forEach(function(elem) {
        var icon = document.createElement("div");
        icon.className = "sort-icon";
        icon.textContent = "vvv";
        elem.insertBefore(icon, elem.firstChild);
        elem.classList.remove("desc", "active");
        elem.classList.add("asc", "inactive");
    });
}

function toggle_sort_states(elem) {
    //if active, toggle between asc and desc
    if (elem.classList.contains('active')) {
        elem.classList.toggle('asc');
        elem.classList.toggle('desc');
    }

    //if inactive, reset all other functions and add ascending active
    if (elem.classList.contains('inactive')) {
        reset_sort_headers();
        elem.classList.remove('inactive');
        elem.classList.add('active');
    }
}

function is_all_rows_hidden(value) {
  return value.hidden == false;
}

function filter_table(elem) {
    var outcome_att = "data-test-result";
    var outcome = elem.getAttribute(outcome_att);
    class_outcome = outcome + " results-table-row";
    var outcome_rows = document.getElementsByClassName(class_outcome);

    for(var i = 0; i < outcome_rows.length; i++){
        outcome_rows[i].hidden = !elem.checked;
    }

    var rows = find_all('.results-table-row').filter(is_all_rows_hidden);
    var all_rows_hidden = rows.length == 0 ? true : false;
    var not_found_message = document.getElementById("not-found-message");
    not_found_message.hidden = !all_rows_hidden;
}
</script>
    <h1>AT3ProjectReport.html</h1>
    <p>Report generated on 07-Jan-2023 at 00:37:10 by <a href="https://pypi.python.org/pypi/pytest-html">pytest-html</a> v1.22.1</p>
    <h2>Environment</h2>
    <table id="environment">
      <tr>
        <td>Packages</td>
        <td>{&apos;py&apos;: &apos;1.11.0&apos;, &apos;pytest&apos;: &apos;4.6.11&apos;, &apos;pluggy&apos;: &apos;0.13.1&apos;}</td></tr>
      <tr>
        <td>Platform</td>
        <td>Darwin-19.5.0-x86_64-i386-64bit</td></tr>
      <tr>
        <td>Plugins</td>
        <td>{u&apos;html&apos;: u&apos;1.22.1&apos;, u&apos;metadata&apos;: u&apos;1.11.0&apos;}</td></tr>
      <tr>
        <td>Python</td>
        <td>2.7.14</td></tr></table>
    <h2>Summary</h2>
    <p>12 tests ran in 1143.41 seconds. </p>
    <p class="filter" hidden="true">(Un)check the boxes to filter the results.</p><input checked="true" class="filter" data-test-result="passed" hidden="true" name="filter_checkbox" onChange="filter_table(this)" type="checkbox"/><span class="passed">9 passed</span>, <input checked="true" class="filter" data-test-result="skipped" disabled="true" hidden="true" name="filter_checkbox" onChange="filter_table(this)" type="checkbox"/><span class="skipped">0 skipped</span>, <input checked="true" class="filter" data-test-result="failed" hidden="true" name="filter_checkbox" onChange="filter_table(this)" type="checkbox"/><span class="failed">3 failed</span>, <input checked="true" class="filter" data-test-result="error" disabled="true" hidden="true" name="filter_checkbox" onChange="filter_table(this)" type="checkbox"/><span class="error">0 errors</span>, <input checked="true" class="filter" data-test-result="xfailed" disabled="true" hidden="true" name="filter_checkbox" onChange="filter_table(this)" type="checkbox"/><span class="xfailed">0 expected failures</span>, <input checked="true" class="filter" data-test-result="xpassed" disabled="true" hidden="true" name="filter_checkbox" onChange="filter_table(this)" type="checkbox"/><span class="xpassed">0 unexpected passes</span>
    <h2>Results</h2>
    <table id="results-table">
      <thead id="results-table-head">
        <tr>
          <th class="sortable result initial-sort" col="result">Result</th>
          <th class="sortable" col="name">Test</th>
          <th class="sortable numeric" col="duration">Duration</th>
          <th>Links</th></tr>
        <tr hidden="true" id="not-found-message">
          <th colspan="4">No results found. Try to check the filters</th></tr></thead>
      <tbody class="failed results-table-row">
        <tr>
          <td class="col-result">Failed</td>
          <td class="col-name">ATProject3.py::Test_Sumukh::test_TC_Login_05</td>
          <td class="col-duration">82.09</td>
          <td class="col-links"></td></tr>
        <tr>
          <td class="extra" colspan="4">
            <div class="log">self = &lt;Test_Codes.ATProject3.Test_Sumukh instance at 0x111435098&gt;, booting_function = None<br/><br/>    def test_TC_Login_05(self, booting_function):<br/>        print("Test Objective : Updating Employee Personal details Page post user creation.")<br/>        self.driver.maximize_window()#Maximising the browser window<br/>        time.sleep(data.Sumukh_Data.smallWait) #Wait time for Maximising Screen<br/>        self.driver.get(self.url)<br/>        time.sleep(data.Sumukh_Data.smallWait)<br/>        self.driver.find_element(by=By.NAME, value=data.Sumukh_Selectors.input_box_username).send_keys(data.Sumukh_Data.username)<br/>        self.driver.find_element(by=By.NAME, value=data.Sumukh_Selectors.input_box_password).send_keys(data.Sumukh_Data.password)<br/>        self.driver.find_element(by=By.XPATH, value=data.Sumukh_Selectors.login_xpath).click()<br/>        time.sleep(data.Sumukh_Data.mediumWait)<br/>        print("Login is successful")<br/>        self.driver.find_element(by=By.XPATH, value = data.Sumukh_Selectors.PIM_xpath).click()<br/>        print("Click on PIM was successful")<br/>        time.sleep(data.Sumukh_Data.mediumWait)<br/>        #Enter First Name and click on Search<br/>        self.driver.find_element(by=By.XPATH, value = data.Sumukh_Selectors.firstName_xpath).send_keys(data.Sumukh_Data.firstName)<br/>        time.sleep(data.Sumukh_Data.smallWait)<br/>        print("Click on Search")<br/>        self.driver.find_element(by=By.XPATH, value=data.Sumukh_Selectors.search_xpath).click()<br/>        time.sleep(data.Sumukh_Data.smallWait)<br/>        #Click on the first row check box<br/>        print("Click on the first checkbox")<br/>        self.driver.find_element(by=By.XPATH, value = data.Sumukh_Selectors.firstCheckBox_xpath).click()<br/>        time.sleep(data.Sumukh_Data.smallWait)<br/>        #Click on Delete icon<br/>        print("Click on the Edit Icon")<br/>        self.driver.find_element(by=By.XPATH, value=data.Sumukh_Selectors.editIcon_XPATH).click()<br/>        time.sleep(data.Sumukh_Data.mediumWait)<br/>        assert self.driver.find_element(by=By.XPATH, value = data.Sumukh_Selectors.menuHead_XPATH).text == "Personal Details"<br/>        print("SUCCESS # Employee List is opened for the employee")<br/>        #Click on Male Radio Button<br/>        self.driver.find_element(by=By.XPATH, value =data.Sumukh_Selectors.gen_XPATH).click()#Gender<br/>        time.sleep(1)<br/>        #Select Nationality<br/>        self.driver.find_element(by=By.XPATH, value = data.Sumukh_Selectors.nationDD_XPATH).click()#Click on Nationality dropdown<br/>        time.sleep(1)<br/>        self.driver.find_element(by=By.XPATH, value = data.Sumukh_Selectors.indian_XPATH).click()#Nationality - Indian<br/>        time.sleep(1)<br/>        #Select Date of Birth<br/>        self.driver.find_element(by=By.XPATH, value = data.Sumukh_Selectors.dob_XPATH).send_keys(data.Sumukh_Data.dob)#Date Picker<br/>        time.sleep(1)<br/>        #Enter SSN<br/>        self.driver.find_element(by=By.XPATH, value = data.Sumukh_Selectors.ssn_XPATH).send_keys(data.Sumukh_Data.ssn)#SSN<br/>        time.sleep(1)<br/>        #Enter Marital Status<br/>        self.driver.find_element(by=By.XPATH, value = data.Sumukh_Selectors.maritaldd_XPATH).click()#Click on the dropdown of marital status<br/>        time.sleep(1)<br/>        self.driver.find_element(by=By.XPATH, value = data.Sumukh_Selectors.singleStat_XPATH).click()#Select Single<br/>        time.sleep(1)<br/>        #Save all Personal Details<br/>        self.driver.find_element(by=By.XPATH, value = data.Sumukh_Selectors.savePerDet_XPATH).click() #First Save<br/>        time.sleep(10)<br/>        assert self.driver.find_element(by=By.XPATH, value = data.Sumukh_Selectors.ssn_XPATH).get_attribute('value') == data.Sumukh_Data.ssn #SSN<br/>        print("SSN is validated")<br/>&gt;       assert self.driver.find_element(by=By.XPATH, value = data.Sumukh_Selectors.nationDD_XPATH).text == data.Sumukh_Data.nationality #Nationality<br/><span class="error">E       AssertionError: assert 'Icelander' == 'Indian'</span><br/><span class="error">E         - Icelander</span><br/><span class="error">E         + Indian</span><br/><br/>ATProject3.py:502: AssertionError<br/>----------------------------- Captured stdout call -----------------------------<br/>Test Objective : Updating Employee Personal details Page post user creation.
Login is successful
Click on PIM was successful
Click on Search
Click on the first checkbox
Click on the Edit Icon
SUCCESS # Employee List is opened for the employee
SSN is validated
<br/></div></td></tr></tbody>
      <tbody class="failed results-table-row">
        <tr>
          <td class="col-result">Failed</td>
          <td class="col-name">ATProject3.py::Test_Sumukh::test_TC_Login_12</td>
          <td class="col-duration">100.30</td>
          <td class="col-links"></td></tr>
        <tr>
          <td class="extra" colspan="4">
            <div class="log">self = &lt;Test_Codes.ATProject3.Test_Sumukh instance at 0x111746ab8&gt;, booting_function = None<br/><br/>    def test_TC_Login_12(self, booting_function):<br/>        print("Test Objective : Updating Employee Salary details Page post user creation.")<br/>        self.driver.maximize_window()#Maximising the browser window<br/>        time.sleep(data.Sumukh_Data.smallWait) #Wait time for Maximising Screen<br/>        self.driver.get(self.url)<br/>        time.sleep(data.Sumukh_Data.smallWait)<br/>        self.driver.find_element(by=By.NAME, value=data.Sumukh_Selectors.input_box_username).send_keys(data.Sumukh_Data.username)<br/>        self.driver.find_element(by=By.NAME, value=data.Sumukh_Selectors.input_box_password).send_keys(data.Sumukh_Data.password)<br/>        self.driver.find_element(by=By.XPATH, value=data.Sumukh_Selectors.login_xpath).click()<br/>        time.sleep(data.Sumukh_Data.mediumWait)<br/>        print("Login is successful")<br/>        self.driver.find_element(by=By.XPATH, value = data.Sumukh_Selectors.PIM_xpath).click()<br/>        print("Click on PIM was successful")<br/>        time.sleep(data.Sumukh_Data.mediumWait)<br/>        #Enter First Name and click on Search<br/>        self.driver.find_element(by=By.XPATH, value = data.Sumukh_Selectors.firstName_xpath).send_keys(data.Sumukh_Data.firstName)<br/>        time.sleep(data.Sumukh_Data.smallWait)<br/>        print("Click on Search")<br/>        self.driver.find_element(by=By.XPATH, value=data.Sumukh_Selectors.search_xpath).click()<br/>        time.sleep(data.Sumukh_Data.smallWait)<br/>        #Click on the first row check box<br/>        print("Click on the first checkbox")<br/>        self.driver.find_element(by=By.XPATH, value = data.Sumukh_Selectors.firstCheckBox_xpath).click()<br/>        time.sleep(data.Sumukh_Data.smallWait)<br/>        #Click on Delete icon<br/>        print("Click on the Edit Icon")<br/>        self.driver.find_element(by=By.XPATH, value=data.Sumukh_Selectors.editIcon_XPATH).click()<br/>        time.sleep(data.Sumukh_Data.mediumWait)<br/>        assert self.driver.find_element(by=By.XPATH, value = data.Sumukh_Selectors.menuHead_XPATH).text == "Personal Details"<br/>        print("SUCCESS # Employee List is opened for the employee")<br/>        self.driver.find_element(by=By.XPATH, value = data.Sumukh_Selectors.salary_XPATH).click()<br/>        time.sleep(8)<br/>        assert self.driver.find_element(by=By.XPATH, value = data.Sumukh_Selectors.newMenuHead_XPATH).text == "Assigned Salary Components"<br/>        print("SUCCESS # Emergency Salary details is opened for the employee")<br/>        #click on Add<br/>        self.driver.find_element(by=By.XPATH, value=data.Sumukh_Selectors.addBut_XPATH).click()<br/>        time.sleep(3)<br/>        self.driver.find_element(by=By.XPATH, value=data.Sumukh_Selectors.nameVal_XPATH).send_keys("AGC")<br/>        time.sleep(1)<br/>        self.driver.find_element(by=By.XPATH, value=data.Sumukh_Selectors.payFreq_XPATH).click() #Pay Frequency Dropdown<br/>        time.sleep(1)<br/>        self.driver.find_element(by=By.XPATH, value=data.Sumukh_Selectors.payFreqDD_XPATH).click() #Monthly<br/>        time.sleep(1)<br/>        self.driver.find_element(by=By.XPATH, value=data.Sumukh_Selectors.jobCat_XPATH).click() #Currency Drop Down<br/>        time.sleep(1)<br/>        self.driver.find_element(by=By.XPATH, value=data.Sumukh_Selectors.jobCatDD_XPATH).click() #USD<br/>        time.sleep(1)<br/>        self.driver.find_element(by=By.XPATH, value=data.Sumukh_Selectors.amVal_XPATH).send_keys("55000") #Amount<br/>        time.sleep(1)<br/>        self.driver.find_element(by=By.XPATH, value=data.Sumukh_Selectors.ddTogBt_XPATH).click() #Direct Deposit Toggle Button<br/>        time.sleep(3)<br/>        assert self.driver.find_element(by=By.XPATH, value=data.Sumukh_Selectors.accNum_XPATH) #Account Number<br/>        print("Account Number Field Assserted")<br/>        assert self.driver.find_element(by=By.XPATH, value=data.Sumukh_Selectors.accTy_XPATH) #Account Type<br/>        print("Account Type Field Asserted")<br/>        assert self.driver.find_element(by=By.XPATH, value=data.Sumukh_Selectors.rotNum_XPATH) #Routing Number<br/>        print("Routing Number Field Asserted")<br/>        assert self.driver.find_element(by=By.XPATH, value=data.Sumukh_Selectors.rotAmt_XPATH) #Amount<br/>        print("Amount Field Asserted")<br/>        self.driver.find_element(by=By.XPATH, value=data.Sumukh_Selectors.accNumVal_XPATH).send_keys("9999999999") #Account Number<br/>        time.sleep(1)<br/>        self.driver.find_element(by=By.XPATH, value=data.Sumukh_Selectors.actv_XPATH).click()<br/>        time.sleep(1)<br/>        self.driver.find_element(by=By.XPATH, value=data.Sumukh_Selectors.actvDD_XPATH).click() #Savings<br/>        time.sleep(1)<br/>        self.driver.find_element(by=By.XPATH, value=data.Sumukh_Selectors.rtNum_XPATH).send_keys("1234") #Rounting Number<br/>        time.sleep(1)<br/>        self.driver.find_element(by=By.XPATH, value=data.Sumukh_Selectors.ddAMT_XPATH).send_keys("55000")#Amount<br/>        time.sleep(1)<br/>        self.driver.find_element(by=By.XPATH, value=data.Sumukh_Selectors.savePerDet_XPATH).click()#Save<br/>        time.sleep(8)<br/>&gt;       assert self.driver.find_element(by=By.XPATH, value=data.Sumukh_Selectors.fced_XPATH).text == "AGC" #Salary Component<br/><br/>ATProject3.py:914: <br/>_ _ _ _ _ _ _ _ _ _ _ _ _ _ _ _ _ _ _ _ _ _ _ _ _ _ _ _ _ _ _ _ _ _ _ _ _ _ _ _ <br/>/usr/local/lib/python2.7/site-packages/selenium/webdriver/remote/webdriver.py:978: in find_element<br/>    'value': value})['value']<br/>/usr/local/lib/python2.7/site-packages/selenium/webdriver/remote/webdriver.py:321: in execute<br/>    self.error_handler.check_response(response)<br/>_ _ _ _ _ _ _ _ _ _ _ _ _ _ _ _ _ _ _ _ _ _ _ _ _ _ _ _ _ _ _ _ _ _ _ _ _ _ _ _ <br/><br/>self = &lt;selenium.webdriver.remote.errorhandler.ErrorHandler object at 0x111445f90&gt;<br/>response = {'status': 404, 'value': '{"value":{"error":"no such element","message":"Unable to locate element: /html/body/div/div[...hared/webdriver/Errors.sys.mjs:394:5\nelement.find/&lt;/&lt;@chrome://remote/content/marionette/element.sys.mjs:275:16\n"}}'}<br/><br/>    def check_response(self, response):<br/>        """<br/>        Checks that a JSON response from the WebDriver does not have an error.<br/>    <br/>        :Args:<br/>         - response - The JSON response from the WebDriver server as a dictionary<br/>           object.<br/>    <br/>        :Raises: If the response contains an error message.<br/>        """<br/>        status = response.get('status', None)<br/>        if status is None or status == ErrorCode.SUCCESS:<br/>            return<br/>        value = None<br/>        message = response.get("message", "")<br/>        screen = response.get("screen", "")<br/>        stacktrace = None<br/>        if isinstance(status, int):<br/>            value_json = response.get('value', None)<br/>            if value_json and isinstance(value_json, basestring):<br/>                import json<br/>                try:<br/>                    value = json.loads(value_json)<br/>                    if len(value.keys()) == 1:<br/>                        value = value['value']<br/>                    status = value.get('error', None)<br/>                    if status is None:<br/>                        status = value["status"]<br/>                        message = value["value"]<br/>                        if not isinstance(message, basestring):<br/>                            value = message<br/>                            message = message.get('message')<br/>                    else:<br/>                        message = value.get('message', None)<br/>                except ValueError:<br/>                    pass<br/>    <br/>        exception_class = ErrorInResponseException<br/>        if status in ErrorCode.NO_SUCH_ELEMENT:<br/>            exception_class = NoSuchElementException<br/>        elif status in ErrorCode.NO_SUCH_FRAME:<br/>            exception_class = NoSuchFrameException<br/>        elif status in ErrorCode.NO_SUCH_WINDOW:<br/>            exception_class = NoSuchWindowException<br/>        elif status in ErrorCode.STALE_ELEMENT_REFERENCE:<br/>            exception_class = StaleElementReferenceException<br/>        elif status in ErrorCode.ELEMENT_NOT_VISIBLE:<br/>            exception_class = ElementNotVisibleException<br/>        elif status in ErrorCode.INVALID_ELEMENT_STATE:<br/>            exception_class = InvalidElementStateException<br/>        elif status in ErrorCode.INVALID_SELECTOR \<br/>                or status in ErrorCode.INVALID_XPATH_SELECTOR \<br/>                or status in ErrorCode.INVALID_XPATH_SELECTOR_RETURN_TYPER:<br/>            exception_class = InvalidSelectorException<br/>        elif status in ErrorCode.ELEMENT_IS_NOT_SELECTABLE:<br/>            exception_class = ElementNotSelectableException<br/>        elif status in ErrorCode.ELEMENT_NOT_INTERACTABLE:<br/>            exception_class = ElementNotInteractableException<br/>        elif status in ErrorCode.INVALID_COOKIE_DOMAIN:<br/>            exception_class = InvalidCookieDomainException<br/>        elif status in ErrorCode.UNABLE_TO_SET_COOKIE:<br/>            exception_class = UnableToSetCookieException<br/>        elif status in ErrorCode.TIMEOUT:<br/>            exception_class = TimeoutException<br/>        elif status in ErrorCode.SCRIPT_TIMEOUT:<br/>            exception_class = TimeoutException<br/>        elif status in ErrorCode.UNKNOWN_ERROR:<br/>            exception_class = WebDriverException<br/>        elif status in ErrorCode.UNEXPECTED_ALERT_OPEN:<br/>            exception_class = UnexpectedAlertPresentException<br/>        elif status in ErrorCode.NO_ALERT_OPEN:<br/>            exception_class = NoAlertPresentException<br/>        elif status in ErrorCode.IME_NOT_AVAILABLE:<br/>            exception_class = ImeNotAvailableException<br/>        elif status in ErrorCode.IME_ENGINE_ACTIVATION_FAILED:<br/>            exception_class = ImeActivationFailedException<br/>        elif status in ErrorCode.MOVE_TARGET_OUT_OF_BOUNDS:<br/>            exception_class = MoveTargetOutOfBoundsException<br/>        elif status in ErrorCode.JAVASCRIPT_ERROR:<br/>            exception_class = JavascriptException<br/>        elif status in ErrorCode.SESSION_NOT_CREATED:<br/>            exception_class = SessionNotCreatedException<br/>        elif status in ErrorCode.INVALID_ARGUMENT:<br/>            exception_class = InvalidArgumentException<br/>        elif status in ErrorCode.NO_SUCH_COOKIE:<br/>            exception_class = NoSuchCookieException<br/>        elif status in ErrorCode.UNABLE_TO_CAPTURE_SCREEN:<br/>            exception_class = ScreenshotException<br/>        elif status in ErrorCode.ELEMENT_CLICK_INTERCEPTED:<br/>            exception_class = ElementClickInterceptedException<br/>        elif status in ErrorCode.INSECURE_CERTIFICATE:<br/>            exception_class = InsecureCertificateException<br/>        elif status in ErrorCode.INVALID_COORDINATES:<br/>            exception_class = InvalidCoordinatesException<br/>        elif status in ErrorCode.INVALID_SESSION_ID:<br/>            exception_class = InvalidSessionIdException<br/>        elif status in ErrorCode.UNKNOWN_METHOD:<br/>            exception_class = UnknownMethodException<br/>        else:<br/>            exception_class = WebDriverException<br/>        if value == '' or value is None:<br/>            value = response['value']<br/>        if isinstance(value, basestring):<br/>            if exception_class == ErrorInResponseException:<br/>                raise exception_class(response, value)<br/>            raise exception_class(value)<br/>        if message == "" and 'message' in value:<br/>            message = value['message']<br/>    <br/>        screen = None<br/>        if 'screen' in value:<br/>            screen = value['screen']<br/>    <br/>        stacktrace = None<br/>        if 'stackTrace' in value and value['stackTrace']:<br/>            stacktrace = []<br/>            try:<br/>                for frame in value['stackTrace']:<br/>                    line = self._value_or_default(frame, 'lineNumber', '')<br/>                    file = self._value_or_default(frame, 'fileName', '&lt;anonymous&gt;')<br/>                    if line:<br/>                        file = "%s:%s" % (file, line)<br/>                    meth = self._value_or_default(frame, 'methodName', '&lt;anonymous&gt;')<br/>                    if 'className' in frame:<br/>                        meth = "%s.%s" % (frame['className'], meth)<br/>                    msg = "    at %s (%s)"<br/>                    msg = msg % (meth, file)<br/>                    stacktrace.append(msg)<br/>            except TypeError:<br/>                pass<br/>        if exception_class == ErrorInResponseException:<br/>            raise exception_class(response, message)<br/>        elif exception_class == UnexpectedAlertPresentException:<br/>            alert_text = None<br/>            if 'data' in value:<br/>                alert_text = value['data'].get('text')<br/>            elif 'alert' in value:<br/>                alert_text = value['alert'].get('text')<br/>            raise exception_class(message, screen, stacktrace, alert_text)<br/>&gt;       raise exception_class(message, screen, stacktrace)<br/><span class="error">E       NoSuchElementException: Message: Unable to locate element: /html/body/div/div[1]/div[2]/div[2]/div/div/div/div[2]/div[3]/div/div[2]/div/div/div[2]/div</span><br/><br/>/usr/local/lib/python2.7/site-packages/selenium/webdriver/remote/errorhandler.py:242: NoSuchElementException<br/>----------------------------- Captured stdout call -----------------------------<br/>Test Objective : Updating Employee Salary details Page post user creation.
Login is successful
Click on PIM was successful
Click on Search
Click on the first checkbox
Click on the Edit Icon
SUCCESS # Employee List is opened for the employee
SUCCESS # Emergency Salary details is opened for the employee
Account Number Field Assserted
Account Type Field Asserted
Routing Number Field Asserted
Amount Field Asserted
<br/></div></td></tr></tbody>
      <tbody class="failed results-table-row">
        <tr>
          <td class="col-result">Failed</td>
          <td class="col-name">ATProject3.py::Test_Sumukh::test_TC_Login_13</td>
          <td class="col-duration">86.89</td>
          <td class="col-links"></td></tr>
        <tr>
          <td class="extra" colspan="4">
            <div class="log">self = &lt;Test_Codes.ATProject3.Test_Sumukh instance at 0x1116a8c68&gt;, booting_function = None<br/><br/>    def test_TC_Login_13(self, booting_function):<br/>        print("Test Objective : Updating Employee Salary on Tax Exemption details Page post user creation.")<br/>        self.driver.maximize_window()#Maximising the browser window<br/>        time.sleep(data.Sumukh_Data.smallWait) #Wait time for Maximising Screen<br/>        self.driver.get(self.url)<br/>        time.sleep(data.Sumukh_Data.smallWait)<br/>        self.driver.find_element(by=By.NAME, value=data.Sumukh_Selectors.input_box_username).send_keys(data.Sumukh_Data.username)<br/>        self.driver.find_element(by=By.NAME, value=data.Sumukh_Selectors.input_box_password).send_keys(data.Sumukh_Data.password)<br/>        self.driver.find_element(by=By.XPATH, value=data.Sumukh_Selectors.login_xpath).click()<br/>        time.sleep(data.Sumukh_Data.mediumWait)<br/>        print("Login is successful")<br/>        self.driver.find_element(by=By.XPATH, value = data.Sumukh_Selectors.PIM_xpath).click()<br/>        print("Click on PIM was successful")<br/>        time.sleep(data.Sumukh_Data.mediumWait)<br/>        #Enter First Name and click on Search<br/>        self.driver.find_element(by=By.XPATH, value = data.Sumukh_Selectors.firstName_xpath).send_keys(data.Sumukh_Data.firstName)<br/>        time.sleep(data.Sumukh_Data.smallWait)<br/>        print("Click on Search")<br/>        self.driver.find_element(by=By.XPATH, value=data.Sumukh_Selectors.search_xpath).click()<br/>        time.sleep(data.Sumukh_Data.smallWait)<br/>        #Click on the first row check box<br/>        print("Click on the first checkbox")<br/>        self.driver.find_element(by=By.XPATH, value = data.Sumukh_Selectors.firstCheckBox_xpath).click()<br/>        time.sleep(data.Sumukh_Data.smallWait)<br/>        #Click on Delete icon<br/>        print("Click on the Edit Icon")<br/>        self.driver.find_element(by=By.XPATH, value=data.Sumukh_Selectors.editIcon_XPATH).click()<br/>        time.sleep(data.Sumukh_Data.mediumWait)<br/>        assert self.driver.find_element(by=By.XPATH, value = data.Sumukh_Selectors.menuHead_XPATH).text == "Personal Details"<br/>        print("SUCCESS # Employee List is opened for the employee")<br/>        self.driver.find_element(by=By.XPATH, value =data.Sumukh_Selectors.taxExmpt_XPATH).click()<br/>        time.sleep(8)<br/>        assert self.driver.find_element(by=By.XPATH, value = data.Sumukh_Selectors.menuHead_XPATH).text == "Tax Exemptions"<br/>        print("SUCCESS # Tax Exemption details is opened for the employee")<br/>        #click on Status<br/>        self.driver.find_element(by=By.XPATH, value= data.Sumukh_Selectors.taxStat_XPATH).click()<br/>        time.sleep(1)<br/>        self.driver.find_element(by=By.XPATH, value = data.Sumukh_Selectors.taxStatDD_XPATH).click() #Single<br/>        time.sleep(1)<br/>        #Click on State<br/>        self.driver.find_element(by=By.XPATH, value = data.Sumukh_Selectors.taxState_XPATH).click()<br/>        time.sleep(1)<br/>    <br/>        self.driver.find_element(by=By.XPATH, value = data.Sumukh_Selectors.txStVal_XPATH).click() #Albama<br/>        time.sleep(1)<br/>    <br/>        self.driver.find_element(by=By.XPATH, value = data.Sumukh_Selectors.txStatVD_XPATH).click()<br/>        time.sleep(1)<br/>    <br/>        self.driver.find_element(by=By.XPATH, value = data.Sumukh_Selectors.txStatVDVal_XPATH).click() #Single<br/>        time.sleep(1)<br/>        #Unemployment Status<br/>        self.driver.find_element(by=By.XPATH, value = data.Sumukh_Selectors.txStateVal_XPATH).click()<br/>        time.sleep(1)<br/>    <br/>        self.driver.find_element(by=By.XPATH, value = data.Sumukh_Selectors.albama_XPATH).click()#Albama<br/>        time.sleep(1)<br/>        #Work State<br/>        self.driver.find_element(by=By.XPATH, value = data.Sumukh_Selectors.ddAlb_XPATH).click()<br/>        time.sleep(1)<br/>    <br/>        self.driver.find_element(by=By.XPATH, value = data.Sumukh_Selectors.albSec_XPATH).click() #Albama<br/>        time.sleep(1)<br/>        #Exemptions<br/>        self.driver.find_element(by=By.XPATH, value = data.Sumukh_Selectors.rel_XPATH).send_keys("50")#50<br/>        time.sleep(1)<br/>    <br/>&gt;       self.driver.find_element(by=By.XPATH, value = data.Sumukh_Selectors).send_keys("50")#50<br/><br/>ATProject3.py:993: <br/>_ _ _ _ _ _ _ _ _ _ _ _ _ _ _ _ _ _ _ _ _ _ _ _ _ _ _ _ _ _ _ _ _ _ _ _ _ _ _ _ <br/>/usr/local/lib/python2.7/site-packages/selenium/webdriver/remote/webdriver.py:978: in find_element<br/>    'value': value})['value']<br/>/usr/local/lib/python2.7/site-packages/selenium/webdriver/remote/webdriver.py:319: in execute<br/>    response = self.command_executor.execute(driver_command, params)<br/>/usr/local/lib/python2.7/site-packages/selenium/webdriver/remote/remote_connection.py:372: in execute<br/>    data = utils.dump_json(params)<br/>/usr/local/lib/python2.7/site-packages/selenium/webdriver/remote/utils.py:33: in dump_json<br/>    return json.dumps(json_struct)<br/>/usr/local/Cellar/python@2/2.7.14_3/Frameworks/Python.framework/Versions/2.7/lib/python2.7/json/__init__.py:244: in dumps<br/>    return _default_encoder.encode(obj)<br/>/usr/local/Cellar/python@2/2.7.14_3/Frameworks/Python.framework/Versions/2.7/lib/python2.7/json/encoder.py:207: in encode<br/>    chunks = self.iterencode(o, _one_shot=True)<br/>/usr/local/Cellar/python@2/2.7.14_3/Frameworks/Python.framework/Versions/2.7/lib/python2.7/json/encoder.py:270: in iterencode<br/>    return _iterencode(o, 0)<br/>_ _ _ _ _ _ _ _ _ _ _ _ _ _ _ _ _ _ _ _ _ _ _ _ _ _ _ _ _ _ _ _ _ _ _ _ _ _ _ _ <br/><br/>self = &lt;json.encoder.JSONEncoder object at 0x110c86810&gt;, o = &lt;class Test_Data.data.Sumukh_Selectors at 0x111288460&gt;<br/><br/>    def default(self, o):<br/>        """Implement this method in a subclass such that it returns<br/>        a serializable object for ``o``, or calls the base implementation<br/>        (to raise a ``TypeError``).<br/>    <br/>        For example, to support arbitrary iterators, you could<br/>        implement default like this::<br/>    <br/>            def default(self, o):<br/>                try:<br/>                    iterable = iter(o)<br/>                except TypeError:<br/>                    pass<br/>                else:<br/>                    return list(iterable)<br/>                # Let the base class default method raise the TypeError<br/>                return JSONEncoder.default(self, o)<br/>    <br/>        """<br/>&gt;       raise TypeError(repr(o) + " is not JSON serializable")<br/><span class="error">E       TypeError: &lt;class Test_Data.data.Sumukh_Selectors at 0x111288460&gt; is not JSON serializable</span><br/><br/>/usr/local/Cellar/python@2/2.7.14_3/Frameworks/Python.framework/Versions/2.7/lib/python2.7/json/encoder.py:184: TypeError<br/>----------------------------- Captured stdout call -----------------------------<br/>Test Objective : Updating Employee Salary on Tax Exemption details Page post user creation.
Login is successful
Click on PIM was successful
Click on Search
Click on the first checkbox
Click on the Edit Icon
SUCCESS # Employee List is opened for the employee
SUCCESS # Tax Exemption details is opened for the employee
<br/></div></td></tr></tbody>
      <tbody class="passed results-table-row">
        <tr>
          <td class="col-result">Passed</td>
          <td class="col-name">ATProject3.py::Test_Sumukh::test_TC_Login_01</td>
          <td class="col-duration">132.59</td>
          <td class="col-links"></td></tr>
        <tr>
          <td class="extra" colspan="4">
            <div class="log">----------------------------- Captured stdout call -----------------------------<br/>Test Objective : Search - (Text Box) Validation on the Admin Page
Login is successful
Validating the different menu options present on the side pane.
Asserting Text Box
Text Box is present
Clicking on the text box and searching for various menu options
Validating Admin
Admin is present
admin is present
Validating PIM
PIM is present
pim is present
Validating Leave
Leave is present
leave is present
Validating Time
Time is present
time is present
Validating Recruitment
Recruitment is present
recruitment is present
Validating My Info
My Info is present
my info is present
Validating Performance
Performance is present
performance is present
Validating Dashboard
Dashboard is present
dashboard is present
Validating Directory
Directory is present
directory is present
Validating Maintenance
Maintenance is present
maintenance is present
Validating Buzz
Buzz is present
buzz is present
<br/></div></td></tr></tbody>
      <tbody class="passed results-table-row">
        <tr>
          <td class="col-result">Passed</td>
          <td class="col-name">ATProject3.py::Test_Sumukh::test_TC_Login_02</td>
          <td class="col-duration">41.52</td>
          <td class="col-links"></td></tr>
        <tr>
          <td class="extra" colspan="4">
            <div class="log">----------------------------- Captured stdout call -----------------------------<br/>Test Objective : Validation of Page Headers - Drop Down on Admin Page
Login is successful
Validating the different menu options present on the side pane.
Click on Admin Menu option
Clicking on User Management Dropdown
Clicking on Users option from the dropdown.
Clicking on User Role dropdown Menu
Admin and ESS are present within the dropdowns
Clicking on the Status Dropdown Menu
Enabled and Disabled are present within the dropdowns
<br/></div></td></tr></tbody>
      <tbody class="passed results-table-row">
        <tr>
          <td class="col-result">Passed</td>
          <td class="col-name">ATProject3.py::Test_Sumukh::test_TC_Login_03</td>
          <td class="col-duration">88.54</td>
          <td class="col-links"></td></tr>
        <tr>
          <td class="extra" colspan="4">
            <div class="log">----------------------------- Captured stdout call -----------------------------<br/>Test Objective : Creation of New Employee under PIM
Login is successful
Click on PIM was successful
Click on Add Employee was successful
Click on Toggle was successful
Click on Save was successful
SUCCESS # A New Employee is added into the PIM Module
<br/></div></td></tr></tbody>
      <tbody class="passed results-table-row">
        <tr>
          <td class="col-result">Passed</td>
          <td class="col-name">ATProject3.py::Test_Sumukh::test_TC_Login_04</td>
          <td class="col-duration">63.35</td>
          <td class="col-links"></td></tr>
        <tr>
          <td class="extra" colspan="4">
            <div class="log">----------------------------- Captured stdout call -----------------------------<br/>Test Objective : Validation of Employee Personal details Page post user creation.
Login is successful
Click on PIM was successful
Click on Search
Click on the first checkbox
Click on the Edit Icon
SUCCESS # Employee List is opened for the employee
Personal Details is present
Contact Details is present
Emergency Contacts is present
Dependents is present
Immigration is present
Job is present
Salary is present
Tax Exemptions is present
Report-to is present
Qualifications is present
Memberships is present
<br/></div></td></tr></tbody>
      <tbody class="passed results-table-row">
        <tr>
          <td class="col-result">Passed</td>
          <td class="col-name">ATProject3.py::Test_Sumukh::test_TC_Login_06</td>
          <td class="col-duration">78.96</td>
          <td class="col-links"></td></tr>
        <tr>
          <td class="extra" colspan="4">
            <div class="log">----------------------------- Captured stdout call -----------------------------<br/>Test Objective : Updating Employee Contact details Page post user creation.
Login is successful
Click on PIM was successful
Click on Search
Click on the first checkbox
Click on the Edit Icon
SUCCESS # Employee List is opened for the employee
SUCCESS # Contact details is opened for the employee
Street Asserted
State Asserted
Country Asserted
Home Contact Asserted
Email ID Asserted
All field Asserted Successfully
<br/></div></td></tr></tbody>
      <tbody class="passed results-table-row">
        <tr>
          <td class="col-result">Passed</td>
          <td class="col-name">ATProject3.py::Test_Sumukh::test_TC_Login_07</td>
          <td class="col-duration">86.30</td>
          <td class="col-links"></td></tr>
        <tr>
          <td class="extra" colspan="4">
            <div class="log">----------------------------- Captured stdout call -----------------------------<br/>Test Objective : Updating Employee Contact details Page post user creation.
Login is successful
Click on PIM was successful
Click on Search
Click on the first checkbox
Click on the Edit Icon
SUCCESS # Employee List is opened for the employee
Clicked on Emergency Contact
SUCCESS # Emergency Contact details is opened for the employee
Name is successfully asserted
Relationship is successfully asserted
Mobile is successfully asserted
<br/></div></td></tr></tbody>
      <tbody class="passed results-table-row">
        <tr>
          <td class="col-result">Passed</td>
          <td class="col-name">ATProject3.py::Test_Sumukh::test_TC_Login_08</td>
          <td class="col-duration">88.18</td>
          <td class="col-links"></td></tr>
        <tr>
          <td class="extra" colspan="4">
            <div class="log">----------------------------- Captured stdout call -----------------------------<br/>Test Objective : Updating Employee Dependents Contact details Page post user creation.
Login is successful
Click on PIM was successful
Click on Search
Click on the first checkbox
Click on the Edit Icon
SUCCESS # Employee List is opened for the employee
Clicked on Dependents
SUCCESS # Dependents details is opened for the employee
Name is successfully asserted
Relationship is successfully asserted
DOB is successfully asserted
<br/></div></td></tr></tbody>
      <tbody class="passed results-table-row">
        <tr>
          <td class="col-result">Passed</td>
          <td class="col-name">ATProject3.py::Test_Sumukh::test_TC_Login_09</td>
          <td class="col-duration">99.20</td>
          <td class="col-links"></td></tr>
        <tr>
          <td class="extra" colspan="4">
            <div class="log">----------------------------- Captured stdout call -----------------------------<br/>Test Objective : Updating Employee Job Details Page.
Login is successful
Click on PIM was successful
Click on Search
Click on the first checkbox
Click on the Edit Icon
SUCCESS # Employee List is opened for the employee
Clicked on Job Details.
SUCCESS # Job details is opened for the employee
Asserting all values
Joining Date Asserted
Role Asserted
Work Asserted
Administration Asserted
Region Asserted
EMP Stat Asserted
Contract Start Date Asserted
Contract End Date Asserted
All Values Asserted Successfully
<br/></div></td></tr></tbody>
      <tbody class="passed results-table-row">
        <tr>
          <td class="col-result">Passed</td>
          <td class="col-name">ATProject3.py::Test_Sumukh::test_TC_Login_10</td>
          <td class="col-duration">93.63</td>
          <td class="col-links"></td></tr>
        <tr>
          <td class="extra" colspan="4">
            <div class="log">----------------------------- Captured stdout call -----------------------------<br/>Test Objective : Updating Employee Job details Page post user creation.
Login is successful
Click on PIM was successful
Click on Search
Click on the first checkbox
Click on the Edit Icon
SUCCESS # Employee List is opened for the employee
SUCCESS # Employee job details is opened for the employee
Terminate Employment window is opened.
Terminated Message Asserted
Employee Terminated Successfully
Executing TC_PIM_11 in this test case
Employee Activated Successfully
<br/></div></td></tr></tbody></table></body></html>